-> {"me":"sampou"}
<- {"you":"sampou"}

-> {"ready":7}
<- {"move":{"moves":[{"claim":{"punter":0,"source":180,"target":192}},{"claim":{"punter":1,"source":64,"target":65}},{"claim":{"punter":2,"source":140,"target":142}},{"claim":{"punter":3,"source":62,"target":63}},{"claim":{"punter":4,"source":0,"target":180}},{"claim":{"punter":5,"source":66,"target":147}},{"claim":{"punter":6,"source":44,"target":50}},{"pass":{"punter":7}}]}}

 punter: 0 score: 0
 punter: 1 score: 1
 punter: 2 score: 0
 punter: 3 score: 0
 punter: 4 score: 0
 punter: 5 score: 0
 punter: 6 score: 0
-> {"claim":{"punter":7,"source":284,"target":285}}
<- {"move":{"moves":[{"claim":{"punter":0,"source":250,"target":251}},{"claim":{"punter":1,"source":109,"target":262}},{"claim":{"punter":2,"source":283,"target":285}},{"claim":{"punter":3,"source":181,"target":182}},{"claim":{"punter":4,"source":207,"target":292}},{"claim":{"punter":5,"source":145,"target":151}},{"claim":{"punter":6,"source":149,"target":155}},{"claim":{"punter":7,"source":284,"target":285}}]}}

 punter: 0 score: 0
 punter: 1 score: 1
 punter: 2 score: 0
 punter: 3 score: 0
 punter: 4 score: 0
 punter: 5 score: 0
 punter: 6 score: 0
> punter: 7 score: 1
-> {"claim":{"punter":7,"source":260,"target":285}}
<- {"move":{"moves":[{"claim":{"punter":0,"source":198,"target":284}},{"claim":{"punter":1,"source":137,"target":150}},{"claim":{"punter":2,"source":59,"target":60}},{"claim":{"punter":3,"source":268,"target":278}},{"claim":{"punter":4,"source":283,"target":284}},{"claim":{"punter":5,"source":14,"target":15}},{"claim":{"punter":6,"source":198,"target":199}},{"claim":{"punter":7,"source":260,"target":285}}]}}

 punter: 0 score: 1
 punter: 1 score: 1
 punter: 2 score: 0
 punter: 3 score: 0
 punter: 4 score: 1
 punter: 5 score: 0
 punter: 6 score: 0
> punter: 7 score: 5
-> {"claim":{"punter":7,"source":260,"target":297}}
<- {"move":{"moves":[{"claim":{"punter":0,"source":28,"target":29}},{"claim":{"punter":1,"source":205,"target":254}},{"claim":{"punter":2,"source":3,"target":5}},{"claim":{"punter":3,"source":114,"target":115}},{"claim":{"punter":4,"source":214,"target":216}},{"claim":{"punter":5,"source":119,"target":123}},{"claim":{"punter":6,"source":240,"target":242}},{"claim":{"punter":7,"source":260,"target":297}}]}}

 punter: 0 score: 1
 punter: 1 score: 1
 punter: 2 score: 0
 punter: 3 score: 1
 punter: 4 score: 1
 punter: 5 score: 0
 punter: 6 score: 0
> punter: 7 score: 14
-> {"claim":{"punter":7,"source":246,"target":297}}
<- {"move":{"moves":[{"claim":{"punter":0,"source":164,"target":165}},{"claim":{"punter":1,"source":95,"target":96}},{"claim":{"punter":2,"source":247,"target":248}},{"claim":{"punter":3,"source":32,"target":66}},{"claim":{"punter":4,"source":39,"target":58}},{"claim":{"punter":5,"source":118,"target":119}},{"claim":{"punter":6,"source":59,"target":61}},{"claim":{"punter":7,"source":246,"target":297}}]}}

 punter: 0 score: 1
 punter: 1 score: 1
 punter: 2 score: 0
 punter: 3 score: 1
 punter: 4 score: 1
 punter: 5 score: 0
 punter: 6 score: 0
> punter: 7 score: 30
-> {"claim":{"punter":7,"source":246,"target":301}}
<- {"move":{"moves":[{"claim":{"punter":0,"source":100,"target":114}},{"claim":{"punter":1,"source":295,"target":299}},{"claim":{"punter":2,"source":203,"target":204}},{"claim":{"punter":3,"source":229,"target":231}},{"claim":{"punter":4,"source":151,"target":184}},{"claim":{"punter":5,"source":89,"target":114}},{"claim":{"punter":6,"source":224,"target":250}},{"claim":{"punter":7,"source":246,"target":301}}]}}

 punter: 0 score: 2
 punter: 1 score: 1
 punter: 2 score: 1
 punter: 3 score: 1
 punter: 4 score: 1
 punter: 5 score: 1
 punter: 6 score: 0
> punter: 7 score: 55
-> {"claim":{"punter":7,"source":300,"target":301}}
<- {"move":{"moves":[{"claim":{"punter":0,"source":30,"target":52}},{"claim":{"punter":1,"source":82,"target":84}},{"claim":{"punter":2,"source":213,"target":284}},{"claim":{"punter":3,"source":206,"target":208}},{"claim":{"punter":4,"source":26,"target":31}},{"claim":{"punter":5,"source":97,"target":99}},{"claim":{"punter":6,"source":66,"target":107}},{"claim":{"punter":7,"source":300,"target":301}}]}}

 punter: 0 score: 2
 punter: 1 score: 1
 punter: 2 score: 2
 punter: 3 score: 1
 punter: 4 score: 1
 punter: 5 score: 1
 punter: 6 score: 0
> punter: 7 score: 91
-> {"claim":{"punter":7,"source":93,"target":300}}
<- {"move":{"moves":[{"claim":{"punter":0,"source":269,"target":271}},{"claim":{"punter":1,"source":137,"target":144}},{"claim":{"punter":2,"source":185,"target":186}},{"claim":{"punter":3,"source":294,"target":296}},{"claim":{"punter":4,"source":1,"target":6}},{"claim":{"punter":5,"source":88,"target":240}},{"claim":{"punter":6,"source":64,"target":221}},{"claim":{"punter":7,"source":93,"target":300}}]}}

 punter: 0 score: 2
 punter: 1 score: 1
 punter: 2 score: 2
 punter: 3 score: 1
 punter: 4 score: 1
 punter: 5 score: 1
 punter: 6 score: 1
> punter: 7 score: 140
-> {"claim":{"punter":7,"source":93,"target":183}}
<- {"move":{"moves":[{"claim":{"punter":0,"source":88,"target":298}},{"claim":{"punter":1,"source":274,"target":284}},{"claim":{"punter":2,"source":69,"target":70}},{"claim":{"punter":3,"source":153,"target":155}},{"claim":{"punter":4,"source":105,"target":106}},{"claim":{"punter":5,"source":25,"target":138}},{"claim":{"punter":6,"source":283,"target":286}},{"claim":{"punter":7,"source":93,"target":183}}]}}

 punter: 0 score: 2
 punter: 1 score: 2
 punter: 2 score: 2
 punter: 3 score: 1
 punter: 4 score: 1
 punter: 5 score: 1
 punter: 6 score: 1
> punter: 7 score: 204
-> {"claim":{"punter":7,"source":183,"target":282}}
<- {"move":{"moves":[{"claim":{"punter":0,"source":107,"target":151}},{"claim":{"punter":1,"source":45,"target":113}},{"claim":{"punter":2,"source":31,"target":32}},{"claim":{"punter":3,"source":13,"target":188}},{"claim":{"punter":4,"source":7,"target":75}},{"claim":{"punter":5,"source":127,"target":133}},{"claim":{"punter":6,"source":5,"target":24}},{"claim":{"punter":7,"source":183,"target":282}}]}}

 punter: 0 score: 2
 punter: 1 score: 2
 punter: 2 score: 2
 punter: 3 score: 1
 punter: 4 score: 1
 punter: 5 score: 1
 punter: 6 score: 1
> punter: 7 score: 285
-> {"claim":{"punter":7,"source":282,"target":290}}
<- {"move":{"moves":[{"claim":{"punter":0,"source":20,"target":21}},{"claim":{"punter":1,"source":55,"target":284}},{"claim":{"punter":2,"source":132,"target":134}},{"claim":{"punter":3,"source":0,"target":75}},{"claim":{"punter":4,"source":52,"target":53}},{"claim":{"punter":5,"source":25,"target":182}},{"claim":{"punter":6,"source":122,"target":123}},{"claim":{"punter":7,"source":282,"target":290}}]}}

 punter: 0 score: 2
 punter: 1 score: 3
 punter: 2 score: 2
 punter: 3 score: 1
 punter: 4 score: 1
 punter: 5 score: 1
 punter: 6 score: 1
> punter: 7 score: 385
-> {"claim":{"punter":7,"source":91,"target":290}}
<- {"move":{"moves":[{"claim":{"punter":0,"source":40,"target":41}},{"claim":{"punter":1,"source":262,"target":273}},{"claim":{"punter":2,"source":88,"target":287}},{"claim":{"punter":3,"source":10,"target":252}},{"claim":{"punter":4,"source":101,"target":110}},{"claim":{"punter":5,"source":225,"target":241}},{"claim":{"punter":6,"source":0,"target":1}},{"claim":{"punter":7,"source":91,"target":290}}]}}

 punter: 0 score: 2
 punter: 1 score: 3
 punter: 2 score: 2
 punter: 3 score: 1
 punter: 4 score: 1
 punter: 5 score: 1
 punter: 6 score: 1
> punter: 7 score: 466
-> {"claim":{"punter":7,"source":33,"target":183}}
<- {"move":{"moves":[{"claim":{"punter":0,"source":202,"target":204}},{"claim":{"punter":1,"source":272,"target":273}},{"claim":{"punter":2,"source":208,"target":216}},{"claim":{"punter":3,"source":88,"target":221}},{"claim":{"punter":4,"source":88,"target":276}},{"claim":{"punter":5,"source":263,"target":265}},{"claim":{"punter":6,"source":135,"target":137}},{"claim":{"punter":7,"source":33,"target":183}}]}}

 punter: 0 score: 3
 punter: 1 score: 3
 punter: 2 score: 2
 punter: 3 score: 1
 punter: 4 score: 1
 punter: 5 score: 1
 punter: 6 score: 1
> punter: 7 score: 547
-> {"claim":{"punter":7,"source":33,"target":34}}
<- {"move":{"moves":[{"claim":{"punter":0,"source":28,"target":30}},{"claim":{"punter":1,"source":136,"target":146}},{"claim":{"punter":2,"source":19,"target":20}},{"claim":{"punter":3,"source":257,"target":258}},{"claim":{"punter":4,"source":135,"target":136}},{"claim":{"punter":5,"source":226,"target":227}},{"claim":{"punter":6,"source":86,"target":183}},{"claim":{"punter":7,"source":33,"target":34}}]}}

 punter: 0 score: 3
 punter: 1 score: 3
 punter: 2 score: 2
 punter: 3 score: 1
 punter: 4 score: 1
 punter: 5 score: 1
 punter: 6 score: 1
> punter: 7 score: 647
-> {"claim":{"punter":7,"source":34,"target":62}}
<- {"move":{"moves":[{"claim":{"punter":0,"source":70,"target":71}},{"claim":{"punter":1,"source":239,"target":241}},{"claim":{"punter":2,"source":25,"target":79}},{"claim":{"punter":3,"source":43,"target":44}},{"claim":{"punter":4,"source":143,"target":157}},{"claim":{"punter":5,"source":39,"target":279}},{"claim":{"punter":6,"source":12,"target":23}},{"claim":{"punter":7,"source":34,"target":62}}]}}

 punter: 0 score: 3
 punter: 1 score: 3
 punter: 2 score: 2
 punter: 3 score: 1
 punter: 4 score: 1
 punter: 5 score: 1
 punter: 6 score: 1
> punter: 7 score: 747
-> {"claim":{"punter":7,"source":0,"target":33}}
<- {"move":{"moves":[{"claim":{"punter":0,"source":191,"target":193}},{"claim":{"punter":1,"source":153,"target":154}},{"claim":{"punter":2,"source":64,"target":130}},{"claim":{"punter":3,"source":65,"target":68}},{"claim":{"punter":4,"source":2,"target":24}},{"claim":{"punter":5,"source":274,"target":289}},{"claim":{"punter":6,"source":9,"target":10}},{"claim":{"punter":7,"source":0,"target":33}}]}}

 punter: 0 score: 3
 punter: 1 score: 3
 punter: 2 score: 3
 punter: 3 score: 1
 punter: 4 score: 1
 punter: 5 score: 1
 punter: 6 score: 1
> punter: 7 score: 847
-> {"claim":{"punter":7,"source":0,"target":76}}
<- {"move":{"moves":[{"claim":{"punter":0,"source":169,"target":171}},{"claim":{"punter":1,"source":219,"target":220}},{"claim":{"punter":2,"source":171,"target":297}},{"claim":{"punter":3,"source":22,"target":23}},{"claim":{"punter":4,"source":190,"target":194}},{"claim":{"punter":5,"source":158,"target":159}},{"claim":{"punter":6,"source":148,"target":149}},{"claim":{"punter":7,"source":0,"target":76}}]}}

 punter: 0 score: 3
 punter: 1 score: 3
 punter: 2 score: 3
 punter: 3 score: 1
 punter: 4 score: 1
 punter: 5 score: 1
 punter: 6 score: 6
> punter: 7 score: 968
-> {"claim":{"punter":7,"source":76,"target":87}}
<- {"move":{"moves":[{"claim":{"punter":0,"source":108,"target":110}},{"claim":{"punter":1,"source":151,"target":152}},{"claim":{"punter":2,"source":3,"target":243}},{"claim":{"punter":3,"source":264,"target":280}},{"claim":{"punter":4,"source":78,"target":88}},{"claim":{"punter":5,"source":258,"target":261}},{"claim":{"punter":6,"source":14,"target":187}},{"claim":{"punter":7,"source":76,"target":87}}]}}

 punter: 0 score: 3
 punter: 1 score: 3
 punter: 2 score: 3
 punter: 3 score: 1
 punter: 4 score: 1
 punter: 5 score: 1
 punter: 6 score: 6
> punter: 7 score: 1112
-> {"claim":{"punter":7,"source":87,"target":88}}
<- {"move":{"moves":[{"claim":{"punter":0,"source":92,"target":93}},{"claim":{"punter":1,"source":5,"target":183}},{"claim":{"punter":2,"source":178,"target":179}},{"claim":{"punter":3,"source":35,"target":37}},{"claim":{"punter":4,"source":137,"target":165}},{"claim":{"punter":5,"source":86,"target":94}},{"claim":{"punter":6,"source":15,"target":18}},{"claim":{"punter":7,"source":87,"target":88}}]}}

 punter: 0 score: 3
 punter: 1 score: 3
 punter: 2 score: 3
 punter: 3 score: 1
 punter: 4 score: 1
 punter: 5 score: 1
 punter: 6 score: 6
> punter: 7 score: 1256
-> {"claim":{"punter":7,"source":0,"target":2}}
<- {"move":{"moves":[{"claim":{"punter":0,"source":3,"target":4}},{"claim":{"punter":1,"source":101,"target":174}},{"claim":{"punter":2,"source":213,"target":215}},{"claim":{"punter":3,"source":64,"target":296}},{"claim":{"punter":4,"source":8,"target":9}},{"claim":{"punter":5,"source":4,"target":86}},{"claim":{"punter":6,"source":5,"target":243}},{"claim":{"punter":7,"source":0,"target":2}}]}}

 punter: 0 score: 3
 punter: 1 score: 3
 punter: 2 score: 4
 punter: 3 score: 6
 punter: 4 score: 1
 punter: 5 score: 1
 punter: 6 score: 6
> punter: 7 score: 1356
-> {"claim":{"punter":7,"source":24,"target":183}}
<- {"move":{"moves":[{"claim":{"punter":0,"source":89,"target":91}},{"claim":{"punter":1,"source":154,"target":160}},{"claim":{"punter":2,"source":58,"target":243}},{"claim":{"punter":3,"source":150,"target":165}},{"claim":{"punter":4,"source":101,"target":126}},{"claim":{"punter":5,"source":106,"target":107}},{"claim":{"punter":6,"source":229,"target":230}},{"claim":{"punter":7,"source":24,"target":183}}]}}

 punter: 0 score: 3
 punter: 1 score: 3
 punter: 2 score: 4
 punter: 3 score: 6
 punter: 4 score: 1
 punter: 5 score: 1
 punter: 6 score: 6
> punter: 7 score: 1437
-> {"claim":{"punter":7,"source":24,"target":253}}
<- {"move":{"moves":[{"claim":{"punter":0,"source":36,"target":43}},{"claim":{"punter":1,"source":198,"target":215}},{"claim":{"punter":2,"source":188,"target":189}},{"claim":{"punter":3,"source":7,"target":80}},{"claim":{"punter":4,"source":93,"target":94}},{"claim":{"punter":5,"source":251,"target":254}},{"claim":{"punter":6,"source":196,"target":218}},{"claim":{"punter":7,"source":24,"target":253}}]}}

 punter: 0 score: 3
 punter: 1 score: 3
 punter: 2 score: 4
 punter: 3 score: 6
 punter: 4 score: 1
 punter: 5 score: 1
 punter: 6 score: 6
> punter: 7 score: 1537
-> {"claim":{"punter":7,"source":253,"target":256}}
<- {"move":{"moves":[{"claim":{"punter":0,"source":236,"target":237}},{"claim":{"punter":1,"source":10,"target":86}},{"claim":{"punter":2,"source":169,"target":170}},{"claim":{"punter":3,"source":199,"target":200}},{"claim":{"punter":4,"source":269,"target":270}},{"claim":{"punter":5,"source":204,"target":217}},{"claim":{"punter":6,"source":77,"target":78}},{"claim":{"punter":7,"source":253,"target":256}}]}}

 punter: 0 score: 3
 punter: 1 score: 3
 punter: 2 score: 4
 punter: 3 score: 6
 punter: 4 score: 1
 punter: 5 score: 2
 punter: 6 score: 6
> punter: 7 score: 1658
-> {"claim":{"punter":7,"source":240,"target":253}}
<- {"move":{"moves":[{"claim":{"punter":0,"source":67,"target":72}},{"claim":{"punter":1,"source":58,"target":256}},{"claim":{"punter":2,"source":45,"target":284}},{"claim":{"punter":3,"source":26,"target":79}},{"claim":{"punter":4,"source":159,"target":161}},{"claim":{"punter":5,"source":41,"target":51}},{"claim":{"punter":6,"source":128,"target":285}},{"claim":{"punter":7,"source":240,"target":253}}]}}

 punter: 0 score: 3
 punter: 1 score: 3
 punter: 2 score: 5
 punter: 3 score: 6
 punter: 4 score: 1
 punter: 5 score: 2
 punter: 6 score: 6
> punter: 7 score: 1779
-> {"claim":{"punter":7,"source":239,"target":240}}
<- {"move":{"moves":[{"claim":{"punter":0,"source":100,"target":101}},{"claim":{"punter":1,"source":113,"target":280}},{"claim":{"punter":2,"source":17,"target":19}},{"claim":{"punter":3,"source":215,"target":284}},{"claim":{"punter":4,"source":199,"target":201}},{"claim":{"punter":5,"source":161,"target":170}},{"claim":{"punter":6,"source":81,"target":82}},{"claim":{"punter":7,"source":239,"target":240}}]}}

 punter: 0 score: 7
 punter: 1 score: 3
 punter: 2 score: 5
 punter: 3 score: 7
 punter: 4 score: 1
 punter: 5 score: 2
 punter: 6 score: 6
> punter: 7 score: 1900
-> {"claim":{"punter":7,"source":239,"target":242}}
<- {"move":{"moves":[{"claim":{"punter":0,"source":64,"target":66}},{"claim":{"punter":1,"source":32,"target":105}},{"claim":{"punter":2,"source":138,"target":172}},{"claim":{"punter":3,"source":182,"target":232}},{"claim":{"punter":4,"source":252,"target":259}},{"claim":{"punter":5,"source":186,"target":195}},{"claim":{"punter":6,"source":50,"target":302}},{"claim":{"punter":7,"source":239,"target":242}}]}}

 punter: 0 score: 8
 punter: 1 score: 3
 punter: 2 score: 5
 punter: 3 score: 7
 punter: 4 score: 1
 punter: 5 score: 2
 punter: 6 score: 6
> punter: 7 score: 2044
-> {"claim":{"punter":7,"source":230,"target":239}}
<- {"move":{"moves":[{"claim":{"punter":0,"source":32,"target":129}},{"claim":{"punter":1,"source":156,"target":157}},{"claim":{"punter":2,"source":54,"target":56}},{"claim":{"punter":3,"source":16,"target":17}},{"claim":{"punter":4,"source":24,"target":58}},{"claim":{"punter":5,"source":158,"target":160}},{"claim":{"punter":6,"source":238,"target":254}},{"claim":{"punter":7,"source":230,"target":239}}]}}

 punter: 0 score: 8
 punter: 1 score: 3
 punter: 2 score: 5
 punter: 3 score: 7
 punter: 4 score: 1
 punter: 5 score: 2
 punter: 6 score: 6
> punter: 7 score: 2188
-> {"claim":{"punter":7,"source":0,"target":191}}
<- {"move":{"moves":[{"claim":{"punter":0,"source":110,"target":124}},{"claim":{"punter":1,"source":98,"target":117}},{"claim":{"punter":2,"source":248,"target":260}},{"claim":{"punter":3,"source":148,"target":150}},{"claim":{"punter":4,"source":110,"target":131}},{"claim":{"punter":5,"source":265,"target":293}},{"claim":{"punter":6,"source":128,"target":134}},{"claim":{"punter":7,"source":0,"target":191}}]}}

 punter: 0 score: 8
 punter: 1 score: 3
 punter: 2 score: 5
 punter: 3 score: 12
 punter: 4 score: 1
 punter: 5 score: 2
 punter: 6 score: 6
> punter: 7 score: 2269
-> {"claim":{"punter":7,"source":191,"target":231}}
<- {"move":{"moves":[{"claim":{"punter":0,"source":205,"target":257}},{"claim":{"punter":1,"source":84,"target":85}},{"claim":{"punter":2,"source":74,"target":95}},{"claim":{"punter":3,"source":209,"target":210}},{"claim":{"punter":4,"source":91,"target":92}},{"claim":{"punter":5,"source":168,"target":172}},{"claim":{"punter":6,"source":281,"target":291}},{"claim":{"punter":7,"source":191,"target":231}}]}}

 punter: 0 score: 8
 punter: 1 score: 3
 punter: 2 score: 5
 punter: 3 score: 12
 punter: 4 score: 1
 punter: 5 score: 2
 punter: 6 score: 6
> punter: 7 score: 2369
-> {"claim":{"punter":7,"source":191,"target":192}}
<- {"move":{"moves":[{"claim":{"punter":0,"source":174,"target":175}},{"claim":{"punter":1,"source":167,"target":168}},{"claim":{"punter":2,"source":54,"target":55}},{"claim":{"punter":3,"source":231,"target":234}},{"claim":{"punter":4,"source":176,"target":177}},{"claim":{"punter":5,"source":211,"target":220}},{"claim":{"punter":6,"source":187,"target":238}},{"claim":{"punter":7,"source":191,"target":192}}]}}

 punter: 0 score: 8
 punter: 1 score: 3
 punter: 2 score: 5
 punter: 3 score: 12
 punter: 4 score: 1
 punter: 5 score: 2
 punter: 6 score: 6
> punter: 7 score: 2469
-> {"claim":{"punter":7,"source":191,"target":196}}
<- {"move":{"moves":[{"claim":{"punter":0,"source":38,"target":39}},{"claim":{"punter":1,"source":245,"target":246}},{"claim":{"punter":2,"source":96,"target":138}},{"claim":{"punter":3,"source":109,"target":110}},{"claim":{"punter":4,"source":4,"target":10}},{"claim":{"punter":5,"source":213,"target":214}},{"claim":{"punter":6,"source":139,"target":140}},{"claim":{"punter":7,"source":191,"target":196}}]}}

 punter: 0 score: 8
 punter: 1 score: 3
 punter: 2 score: 5
 punter: 3 score: 12
 punter: 4 score: 1
 punter: 5 score: 2
 punter: 6 score: 6
> punter: 7 score: 2533
-> {"claim":{"punter":7,"source":189,"target":196}}
<- {"move":{"moves":[{"claim":{"punter":0,"source":89,"target":90}},{"claim":{"punter":1,"source":175,"target":177}},{"claim":{"punter":2,"source":121,"target":127}},{"claim":{"punter":3,"source":292,"target":293}},{"claim":{"punter":4,"source":182,"target":197}},{"claim":{"punter":5,"source":70,"target":284}},{"claim":{"punter":6,"source":221,"target":222}},{"claim":{"punter":7,"source":189,"target":196}}]}}

 punter: 0 score: 8
 punter: 1 score: 3
 punter: 2 score: 5
 punter: 3 score: 12
 punter: 4 score: 1
 punter: 5 score: 3
 punter: 6 score: 10
> punter: 7 score: 2614
-> {"claim":{"punter":7,"source":195,"target":196}}
<- {"move":{"moves":[{"claim":{"punter":0,"source":118,"target":120}},{"claim":{"punter":1,"source":64,"target":98}},{"claim":{"punter":2,"source":18,"target":22}},{"claim":{"punter":3,"source":126,"target":131}},{"claim":{"punter":4,"source":81,"target":83}},{"claim":{"punter":5,"source":26,"target":95}},{"claim":{"punter":6,"source":47,"target":49}},{"claim":{"punter":7,"source":195,"target":196}}]}}

 punter: 0 score: 8
 punter: 1 score: 5
 punter: 2 score: 5
 punter: 3 score: 12
 punter: 4 score: 1
 punter: 5 score: 3
 punter: 6 score: 10
> punter: 7 score: 2663
-> {"claim":{"punter":7,"source":246,"target":259}}
<- {"move":{"moves":[{"claim":{"punter":0,"source":11,"target":12}},{"claim":{"punter":1,"source":60,"target":90}},{"claim":{"punter":2,"source":25,"target":26}},{"claim":{"punter":3,"source":167,"target":181}},{"claim":{"punter":4,"source":60,"target":80}},{"claim":{"punter":5,"source":188,"target":190}},{"claim":{"punter":6,"source":223,"target":224}},{"claim":{"punter":7,"source":246,"target":259}}]}}

 punter: 0 score: 8
 punter: 1 score: 5
 punter: 2 score: 5
 punter: 3 score: 12
 punter: 4 score: 1
 punter: 5 score: 3
 punter: 6 score: 10
> punter: 7 score: 2688
-> {"claim":{"punter":7,"source":134,"target":260}}
<- {"move":{"moves":[{"claim":{"punter":0,"source":45,"target":46}},{"claim":{"punter":1,"source":270,"target":299}},{"claim":{"punter":2,"source":233,"target":234}},{"claim":{"punter":3,"source":6,"target":7}},{"claim":{"punter":4,"source":10,"target":197}},{"claim":{"punter":5,"source":277,"target":278}},{"claim":{"punter":6,"source":73,"target":74}},{"claim":{"punter":7,"source":134,"target":260}}]}}

 punter: 0 score: 8
 punter: 1 score: 5
 punter: 2 score: 5
 punter: 3 score: 12
 punter: 4 score: 1
 punter: 5 score: 3
 punter: 6 score: 10
> punter: 7 score: 2697
-> {"claim":{"punter":7,"source":148,"target":184}}
<- {"move":{"moves":[{"claim":{"punter":0,"source":207,"target":212}},{"claim":{"punter":1,"source":48,"target":57}},{"claim":{"punter":2,"source":266,"target":268}},{"claim":{"punter":3,"source":46,"target":48}},{"claim":{"punter":4,"source":257,"target":277}},{"claim":{"punter":5,"source":116,"target":122}},{"claim":{"punter":6,"source":141,"target":142}},{"claim":{"punter":7,"source":148,"target":184}}]}}

 punter: 0 score: 8
 punter: 1 score: 5
 punter: 2 score: 5
 punter: 3 score: 12
 punter: 4 score: 1
 punter: 5 score: 3
 punter: 6 score: 10
> punter: 7 score: 2698
-> {"claim":{"punter":7,"source":148,"target":167}}
<- {"move":{"moves":[{"claim":{"punter":0,"source":244,"target":245}},{"claim":{"punter":1,"source":7,"target":21}},{"claim":{"punter":2,"source":247,"target":249}},{"claim":{"punter":3,"source":30,"target":133}},{"claim":{"punter":4,"source":65,"target":67}},{"claim":{"punter":5,"source":96,"target":129}},{"claim":{"punter":6,"source":90,"target":114}},{"claim":{"punter":7,"source":148,"target":167}}]}}

 punter: 0 score: 8
 punter: 1 score: 5
 punter: 2 score: 5
 punter: 3 score: 12
 punter: 4 score: 1
 punter: 5 score: 3
 punter: 6 score: 11
> punter: 7 score: 2699
-> {"claim":{"punter":7,"source":167,"target":169}}
<- {"move":{"moves":[{"claim":{"punter":0,"source":120,"target":132}},{"claim":{"punter":1,"source":99,"target":103}},{"claim":{"punter":2,"source":103,"target":104}},{"claim":{"punter":3,"source":198,"target":200}},{"claim":{"punter":4,"source":14,"target":205}},{"claim":{"punter":5,"source":27,"target":38}},{"claim":{"punter":6,"source":141,"target":143}},{"claim":{"punter":7,"source":167,"target":169}}]}}

 punter: 0 score: 8
 punter: 1 score: 5
 punter: 2 score: 5
 punter: 3 score: 12
 punter: 4 score: 1
 punter: 5 score: 3
 punter: 6 score: 11
> punter: 7 score: 2703
-> {"claim":{"punter":7,"source":114,"target":116}}
<- {"move":{"moves":[{"claim":{"punter":0,"source":11,"target":13}},{"claim":{"punter":1,"source":200,"target":205}},{"claim":{"punter":2,"source":40,"target":42}},{"claim":{"punter":3,"source":272,"target":274}},{"claim":{"punter":4,"source":37,"target":72}},{"claim":{"punter":5,"source":267,"target":275}},{"claim":{"punter":6,"source":13,"target":16}},{"claim":{"punter":7,"source":114,"target":116}}]}}

 punter: 0 score: 8
 punter: 1 score: 5
 punter: 2 score: 5
 punter: 3 score: 12
 punter: 4 score: 1
 punter: 5 score: 3
 punter: 6 score: 11
> punter: 7 score: 2704
-> {"claim":{"punter":7,"source":102,"target":114}}
<- {"move":{"moves":[{"claim":{"punter":0,"source":97,"target":98}},{"claim":{"punter":1,"source":77,"target":79}},{"claim":{"punter":2,"source":152,"target":156}},{"claim":{"punter":3,"source":29,"target":51}},{"claim":{"punter":4,"source":209,"target":211}},{"claim":{"punter":5,"source":10,"target":25}},{"claim":{"punter":6,"source":49,"target":61}},{"claim":{"punter":7,"source":102,"target":114}}]}}

 punter: 0 score: 8
 punter: 1 score: 5
 punter: 2 score: 5
 punter: 3 score: 12
 punter: 4 score: 1
 punter: 5 score: 3
 punter: 6 score: 11
> punter: 7 score: 2705
-> {"claim":{"punter":7,"source":100,"target":102}}
<- {"move":{"moves":[{"claim":{"punter":0,"source":185,"target":187}},{"claim":{"punter":1,"source":26,"target":73}},{"claim":{"punter":2,"source":278,"target":302}},{"claim":{"punter":3,"source":255,"target":261}},{"claim":{"punter":4,"source":294,"target":295}},{"claim":{"punter":5,"source":108,"target":109}},{"claim":{"punter":6,"source":228,"target":249}},{"claim":{"punter":7,"source":100,"target":102}}]}}

 punter: 0 score: 8
 punter: 1 score: 5
 punter: 2 score: 5
 punter: 3 score: 12
 punter: 4 score: 1
 punter: 5 score: 3
 punter: 6 score: 11
> punter: 7 score: 2706
-> {"claim":{"punter":7,"source":64,"target":117}}
<- {"move":{"moves":[{"claim":{"punter":0,"source":109,"target":113}},{"claim":{"punter":1,"source":236,"target":238}},{"claim":{"punter":2,"source":53,"target":68}},{"claim":{"punter":3,"source":138,"target":166}},{"claim":{"punter":4,"source":275,"target":291}},{"claim":{"punter":5,"source":243,"target":279}},{"claim":{"punter":6,"source":266,"target":267}},{"claim":{"punter":7,"source":64,"target":117}}]}}

 punter: 0 score: 8
 punter: 1 score: 5
 punter: 2 score: 5
 punter: 3 score: 12
 punter: 4 score: 1
 punter: 5 score: 3
 punter: 6 score: 11
> punter: 7 score: 2707
-> {"claim":{"punter":7,"source":117,"target":130}}
<- {"move":{"moves":[{"claim":{"punter":0,"source":25,"target":85}},{"claim":{"punter":1,"source":8,"target":252}},{"claim":{"punter":2,"source":37,"target":42}},{"claim":{"punter":3,"source":233,"target":235}},{"claim":{"punter":4,"source":201,"target":202}},{"claim":{"punter":5,"source":288,"target":289}},{"claim":{"punter":6,"source":111,"target":112}},{"claim":{"punter":7,"source":117,"target":130}}]}}

 punter: 0 score: 8
 punter: 1 score: 5
 punter: 2 score: 5
 punter: 3 score: 12
 punter: 4 score: 1
 punter: 5 score: 3
 punter: 6 score: 11
> punter: 7 score: 2708
-> {"claim":{"punter":7,"source":107,"target":130}}
<- {"move":{"moves":[{"claim":{"punter":0,"source":96,"target":173}},{"claim":{"punter":1,"source":227,"target":244}},{"claim":{"punter":2,"source":55,"target":69}},{"claim":{"punter":3,"source":56,"target":57}},{"claim":{"punter":4,"source":223,"target":225}},{"claim":{"punter":5,"source":7,"target":179}},{"claim":{"punter":6,"source":251,"target":255}},{"claim":{"punter":7,"source":107,"target":130}}]}}

 punter: 0 score: 8
 punter: 1 score: 5
 punter: 2 score: 5
 punter: 3 score: 12
 punter: 4 score: 1
 punter: 5 score: 3
 punter: 6 score: 11
> punter: 7 score: 2712
-> {"claim":{"punter":7,"source":286,"target":288}}
<- {"move":{"moves":[{"claim":{"punter":0,"source":104,"target":111}},{"claim":{"punter":1,"source":187,"target":205}},{"claim":{"punter":2,"source":74,"target":85}},{"claim":{"punter":3,"source":146,"target":147}},{"claim":{"punter":4,"source":176,"target":178}},{"claim":{"punter":5,"source":270,"target":298}},{"claim":{"punter":6,"source":133,"target":139}},{"claim":{"punter":7,"source":286,"target":288}}]}}

 punter: 0 score: 8
 punter: 1 score: 5
 punter: 2 score: 5
 punter: 3 score: 12
 punter: 4 score: 1
 punter: 5 score: 3
 punter: 6 score: 11
> punter: 7 score: 2712
-> {"claim":{"punter":7,"source":271,"target":276}}
<- {"move":{"moves":[{"claim":{"punter":0,"source":209,"target":212}},{"claim":{"punter":1,"source":210,"target":218}},{"claim":{"punter":2,"source":4,"target":83}},{"claim":{"punter":3,"source":263,"target":264}},{"claim":{"punter":4,"source":206,"target":207}},{"claim":{"punter":5,"source":217,"target":219}},{"claim":{"punter":6,"source":112,"target":121}},{"claim":{"punter":7,"source":271,"target":276}}]}}

 punter: 0 score: 8
 punter: 1 score: 5
 punter: 2 score: 5
 punter: 3 score: 12
 punter: 4 score: 1
 punter: 5 score: 7
 punter: 6 score: 11
> punter: 7 score: 2712
-> {"claim":{"punter":7,"source":270,"target":281}}
<- {"move":{"moves":[{"claim":{"punter":0,"source":254,"target":257}},{"claim":{"punter":1,"source":8,"target":232}},{"claim":{"punter":2,"source":60,"target":63}},{"claim":{"punter":3,"source":25,"target":27}},{"claim":{"punter":4,"source":125,"target":128}},{"claim":{"punter":5,"source":203,"target":205}},{"claim":{"punter":6,"source":124,"target":125}},{"claim":{"punter":7,"source":270,"target":281}}]}}

 punter: 0 score: 8
 punter: 1 score: 5
 punter: 2 score: 5
 punter: 3 score: 12
 punter: 4 score: 1
 punter: 5 score: 7
 punter: 6 score: 11
> punter: 7 score: 2712
-> {"claim":{"punter":7,"source":235,"target":237}}
<- {"move":{"moves":[{"claim":{"punter":0,"source":138,"target":164}},{"claim":{"punter":1,"source":79,"target":222}},{"claim":{"punter":2,"source":39,"target":287}},{"claim":{"punter":3,"source":226,"target":228}},{"claim":{"punter":4,"source":193,"target":194}},{"claim":{"punter":5,"source":35,"target":36}},{"claim":{"punter":6,"source":47,"target":48}},{"claim":{"punter":7,"source":235,"target":237}}]}}

 punter: 0 score: 8
 punter: 1 score: 5
 punter: 2 score: 5
 punter: 3 score: 12
 punter: 4 score: 1
 punter: 5 score: 7
 punter: 6 score: 11
> punter: 7 score: 2712
-> {"claim":{"punter":7,"source":205,"target":238}}
<- {"stop":{"moves":[{"claim":{"punter":0,"source":144,"target":145}},{"claim":{"punter":1,"source":24,"target":33}},{"pass":{"punter":2}},{"pass":{"punter":3}},{"pass":{"punter":4}},{"pass":{"punter":5}},{"pass":{"punter":6}},{"pass":{"punter":7}}],"scores":[{"punter":0,"score":8},{"punter":1,"score":5},{"punter":2,"score":5},{"punter":3,"score":12},{"punter":4,"score":1},{"punter":5,"score":7},{"punter":6,"score":11},{"punter":7,"score":2712}]}}


